<?xml version="1.0" encoding="UTF-8"?>
<!-- Generated by org.testng.reporters.JUnitXMLReporter -->
<testsuite ignored="1" hostname="DESKTOP-401KMEB" failures="1" tests="8" name="Gold Loan" time="0.22" errors="0" timestamp="2022-05-21T16:36:36 IST">
  <testcase classname="Test.Intro" name="Demo" time="0.01"/>
  <testcase classname="Test.Intro" name="Demo" time="0.006"/>
  <testcase classname="Test.Intro" name="Demo" time="0.011"/>
  <testcase classname="Test.Next" name="Bug" time="0.012"/>
  <testcase classname="Test.Next" name="Gloan" time="0.003"/>
  <testcase classname="Test.Loans" name="WebLogin" time="0.0">
    <failure type="org.testng.TestNGException" message="
Parameter &amp;apos;URL&amp;apos; is required by @Test on method WebLogin but has not been marked @Optional or defined
in C:\Eclipse\Selenium\TestNG Framework\XML\testng.xml">
      <![CDATA[org.testng.TestNGException: 
Parameter 'URL' is required by @Test on method WebLogin but has not been marked @Optional or defined
in C:\Eclipse\Selenium\TestNG Framework\XML\testng.xml
at java.base/java.util.ArrayList.forEach(ArrayList.java:1511)
... Removed 26 stack frames]]>
    </failure>
  </testcase> <!-- WebLogin -->
  <testcase classname="Test.Loans" name="MobileLogin" time="0.011"/>
  <testcase classname="Test.Loans" name="APILogin" time="0.0">
    <skipped/>
  </testcase> <!-- APILogin -->
  <testcase classname="Test.Intro" name="Demo2" time="0.0">
    <ignored/>
  </testcase> <!-- Demo2 -->
</testsuite> <!-- Gold Loan -->
