<!DOCTYPE html PUBLIC "-//W3C//DTD XHTML 1.1//EN" "https://www.w3.org/TR/xhtml11/DTD/xhtml11.dtd">
<html xmlns="https://www.w3.org/1999/xhtml">
<head>
<meta http-equiv="content-type" content="text/html; charset=UTF-8"/>
<title>TestNG Report</title>
<style type="text/css">table {margin-bottom:10px;border-collapse:collapse;empty-cells:show}th,td {border:1px solid #009;padding:.25em .5em}th {vertical-align:bottom}td {vertical-align:top}table a {font-weight:bold}.stripe td {background-color: #E6EBF9}.num {text-align:right}.passedodd td {background-color: #3F3}.passedeven td {background-color: #0A0}.skippedodd td {background-color: #DDD}.skippedeven td {background-color: #CCC}.failedodd td,.attn {background-color: #F33}.failedeven td,.stripe .attn {background-color: #D00}.stacktrace {white-space:pre;font-family:monospace}.totop {font-size:85%;text-align:center;border-bottom:2px solid #000}.invisible {display:none}</style>
</head>
<body>
<table>
<tr><th>Test</th><th># Passed</th><th># Skipped</th><th># Retried</th><th># Failed</th><th>Time (ms)</th><th>Included Groups</th><th>Excluded Groups</th></tr>
<tr><th colspan="8">Loan Department</th></tr>
<tr><td><a href="#t0">Gold Loan</a></td><td class="num">6</td><td class="num attn">1</td><td class="num">0</td><td class="num attn">1</td><td class="num">220</td><td></td><td></td></tr>
<tr class="stripe"><td><a href="#t1">Loan Details</a></td><td class="num">0</td><td class="num attn">1</td><td class="num">0</td><td class="num">0</td><td class="num">21</td><td></td><td></td></tr>
<tr><th>Total</th><th class="num">6</th><th class="num attn">2</th><th class="num">0</th><th class="num attn">1</th><th class="num">241</th><th colspan="2"></th></tr>
</table>
<table id='summary'><thead><tr><th>Class</th><th>Method</th><th>Start</th><th>Time (ms)</th></tr></thead><tbody><tr><th colspan="4">Loan Department</th></tr></tbody><tbody id="t0"><tr><th colspan="4">Gold Loan &#8212; failed</th></tr><tr class="failedeven"><td rowspan="1">Test.Loans</td><td><a href="#m0">WebLogin</a></td><td rowspan="1">1653131196780</td><td rowspan="1">0</td></tr><tr><th colspan="4">Gold Loan &#8212; skipped</th></tr><tr class="skippedeven"><td rowspan="1">Test.Loans</td><td><a href="#m1">APILogin</a></td><td rowspan="1">1653131196815</td><td rowspan="1">0</td></tr><tr><th colspan="4">Gold Loan &#8212; passed</th></tr><tr class="passedeven"><td rowspan="3">Test.Intro</td><td><a href="#m2">Demo</a></td><td rowspan="3">1653131196719</td><td rowspan="3">11</td></tr><tr class="passedeven"><td><a href="#m3">Demo</a></td></tr><tr class="passedeven"><td><a href="#m4">Demo</a></td></tr><tr class="passedodd"><td rowspan="1">Test.Loans</td><td><a href="#m5">MobileLogin</a></td><td rowspan="1">1653131196792</td><td rowspan="1">11</td></tr><tr class="passedeven"><td rowspan="2">Test.Next</td><td><a href="#m6">Bug</a></td><td rowspan="1">1653131196749</td><td rowspan="1">12</td></tr><tr class="passedeven"><td><a href="#m7">Gloan</a></td><td rowspan="1">1653131196765</td><td rowspan="1">3</td></tr></tbody>
<tbody id="t1"><tr><th colspan="4">Loan Details &#8212; failed (configuration methods)</th></tr><tr class="failedeven"><td rowspan="1">Test.PersonalLoan</td><td><a href="#m8">bfmethod</a></td><td rowspan="1">1653131196995</td><td rowspan="1">-1653131196995</td></tr><tr><th colspan="4">Loan Details &#8212; skipped</th></tr><tr class="skippedeven"><td rowspan="1">Test.PersonalLoan</td><td><a href="#m9">HomeWebLogin</a></td><td rowspan="1">1653131197005</td><td rowspan="1">0</td></tr></tbody>
</table>
<h2>Gold Loan</h2><h3 id="m0">Test.Loans#WebLogin</h3><table class="result"><tr><th>Exception</th></tr><tr><td><div class="stacktrace">org.testng.TestNGException: 
Parameter &apos;URL&apos; is required by @Test on method WebLogin but has not been marked @Optional or defined
in C:\Eclipse\Selenium\TestNG Framework\XML\testng.xml
	at java.base/java.util.ArrayList.forEach(ArrayList.java:1511)
... Removed 26 stack frames</div></td></tr></table><p class="totop"><a href="#summary">back to summary</a></p>
<h3 id="m1">Test.Loans#APILogin</h3><table class="result"><tr><th>Exception</th></tr><tr><td><div class="stacktrace">java.lang.Throwable: Method Loans.APILogin()[pri:0, instance:Test.Loans@4d02f94e] depends on not successfully finished methods
	at java.base/java.util.ArrayList.forEach(ArrayList.java:1511)
... Removed 18 stack frames</div></td></tr></table><p class="totop"><a href="#summary">back to summary</a></p>
<h3 id="m2">Test.Intro#Demo</h3><table class="result"><tr class="param"><th>Parameter #1</th><th>Parameter #2</th></tr><tr class="param stripe"><td>Third username</td><td>Third password</td></tr></table><p class="totop"><a href="#summary">back to summary</a></p>
<h3 id="m3">Test.Intro#Demo</h3><table class="result"><tr class="param"><th>Parameter #1</th><th>Parameter #2</th></tr><tr class="param stripe"><td>First username</td><td>First password</td></tr></table><p class="totop"><a href="#summary">back to summary</a></p>
<h3 id="m4">Test.Intro#Demo</h3><table class="result"><tr class="param"><th>Parameter #1</th><th>Parameter #2</th></tr><tr class="param stripe"><td>Second username</td><td>Second password</td></tr></table><p class="totop"><a href="#summary">back to summary</a></p>
<h3 id="m5">Test.Loans#MobileLogin</h3><table class="result"><tr><th class="invisible"/></tr></table><p class="totop"><a href="#summary">back to summary</a></p>
<h3 id="m6">Test.Next#Bug</h3><table class="result"><tr><th class="invisible"/></tr></table><p class="totop"><a href="#summary">back to summary</a></p>
<h3 id="m7">Test.Next#Gloan</h3><table class="result"><tr><th class="invisible"/></tr></table><p class="totop"><a href="#summary">back to summary</a></p>
<h2>Loan Details</h2><h3 id="m8">Test.PersonalLoan#bfmethod</h3><table class="result"><tr><th>Exception</th></tr><tr><td><div class="stacktrace">org.testng.TestNGException: 
Parameter &apos;URL&apos; is required by BeforeMethod on method bfmethod but has not been marked @Optional or defined
in C:\Eclipse\Selenium\TestNG Framework\XML\testng.xml
	at java.base/java.util.ArrayList.forEach(ArrayList.java:1511)
... Removed 28 stack frames</div></td></tr></table><p class="totop"><a href="#summary">back to summary</a></p>
<h3 id="m9">Test.PersonalLoan#HomeWebLogin</h3><table class="result"><tr><th>Exception</th></tr><tr><td><div class="stacktrace">org.testng.TestNGException: 
Parameter &apos;URL&apos; is required by BeforeMethod on method bfmethod but has not been marked @Optional or defined
in C:\Eclipse\Selenium\TestNG Framework\XML\testng.xml
	at java.base/java.util.ArrayList.forEach(ArrayList.java:1511)
... Removed 28 stack frames</div></td></tr></table><p class="totop"><a href="#summary">back to summary</a></p>
</body>
</html>
